<?xml version="1.0" encoding="UTF-8"?>
<!-- Generated by org.testng.reporters.JUnitReportReporter -->
<testsuite hostname="DESKTOP-AV67S5S" failures="0" tests="1" name="crudWithoudBDD.CreateProject" time="3.153" errors="0" timestamp="2023-09-21T17:55:22 IST" skipped="0">
  <testcase classname="crudWithoudBDD.CreateProject" name="createProj" time="3.153"/>
</testsuite> <!-- crudWithoudBDD.CreateProject -->
