<?xml version="1.0" encoding="UTF-8"?>
<!-- Generated by org.testng.reporters.JUnitReportReporter -->
<testsuite hostname="DESKTOP-AV67S5S" failures="0" tests="1" name="crudWithoudBDD.UpdateProject" time="2.999" errors="0" timestamp="2023-09-13T12:37:36 IST" skipped="0">
  <testcase classname="crudWithoudBDD.UpdateProject" name="updateProject" time="2.999"/>
  <system-out/>
</testsuite> <!-- crudWithoudBDD.UpdateProject -->
