<?xml version="1.0" encoding="UTF-8"?>
<!-- Generated by org.testng.reporters.JUnitReportReporter -->
<testsuite hostname="DESKTOP-AV67S5S" failures="0" tests="3" name="PathParam.CreatedByDataProvider" time="3.977" errors="0" timestamp="2023-09-15T12:14:17 IST" skipped="0">
  <testcase classname="PathParam.CreatedByDataProvider" name="createProjectData" time="0.260"/>
  <system-out/>
  <testcase classname="PathParam.CreatedByDataProvider" name="createProjectData" time="3.511"/>
  <system-out/>
  <testcase classname="PathParam.CreatedByDataProvider" name="createProjectData" time="0.206"/>
  <system-out/>
</testsuite> <!-- PathParam.CreatedByDataProvider -->
