<?xml version="1.0" encoding="UTF-8"?>
<!-- Generated by org.testng.reporters.JUnitReportReporter -->
<testsuite hostname="DESKTOP-AV67S5S" failures="0" tests="1" name="coopsChicken.Oauthh2" time="6.485" errors="0" timestamp="2023-09-20T10:35:58 IST" skipped="0">
  <testcase classname="coopsChicken.Oauthh2" name="oauthh2" time="6.485"/>
  <system-out/>
</testsuite> <!-- coopsChicken.Oauthh2 -->
