<?xml version="1.0" encoding="UTF-8"?>
<!-- Generated by org.testng.reporters.JUnitReportReporter -->
<testsuite hostname="DESKTOP-AV67S5S" failures="0" tests="1" name="RequresAllOperation.BearerToken" time="5.917" errors="0" timestamp="2023-09-15T12:40:11 IST" skipped="0">
  <testcase classname="RequresAllOperation.BearerToken" name="bearertoken" time="5.917"/>
  <system-out/>
</testsuite> <!-- RequresAllOperation.BearerToken -->
