<?xml version="1.0" encoding="UTF-8"?>
<!-- Generated by org.testng.reporters.JUnitReportReporter -->
<testsuite hostname="DESKTOP-AV67S5S" failures="0" tests="1" name="crudWithPojo.CreateProjectWithHashmap" time="3.361" errors="0" timestamp="2023-09-14T11:22:27 IST" skipped="0">
  <testcase classname="crudWithPojo.CreateProjectWithHashmap" name="createProj" time="3.361"/>
  <system-out/>
</testsuite> <!-- crudWithPojo.CreateProjectWithHashmap -->
