<?xml version="1.0" encoding="UTF-8"?>
<!-- Generated by org.testng.reporters.JUnitReportReporter -->
<testsuite hostname="DESKTOP-AV67S5S" failures="0" tests="1" name="crudwithReqBDD.GetProject" time="3.621" errors="0" timestamp="2023-09-13T16:04:13 IST" skipped="0">
  <testcase classname="crudwithReqBDD.GetProject" name="getProject" time="3.621"/>
  <system-out/>
</testsuite> <!-- crudwithReqBDD.GetProject -->
