<?xml version="1.0" encoding="UTF-8"?>
<!-- Generated by org.testng.reporters.JUnitReportReporter -->
<testsuite hostname="DESKTOP-AV67S5S" failures="0" tests="1" name="RequresAllOperation.StaicResponceValidation" time="0.013" errors="0" timestamp="2023-10-16T11:06:40 IST" skipped="0">
  <testcase classname="RequresAllOperation.StaicResponceValidation" name="staticResponce" time="0.013"/>
</testsuite> <!-- RequresAllOperation.StaicResponceValidation -->
