<?xml version="1.0" encoding="UTF-8"?>
<!-- Generated by org.testng.reporters.JUnitReportReporter -->
<testsuite hostname="DESKTOP-AV67S5S" failures="0" tests="1" name="PathParam.QueryParameterClass" time="4.116" errors="0" timestamp="2023-09-14T15:47:05 IST" skipped="0">
  <testcase classname="PathParam.QueryParameterClass" name="QueryParamae" time="4.116"/>
  <system-out/>
</testsuite> <!-- PathParam.QueryParameterClass -->
