<?xml version="1.0" encoding="UTF-8"?>
<!-- Generated by org.testng.reporters.JUnitReportReporter -->
<testsuite hostname="DESKTOP-AV67S5S" failures="0" tests="1" name="DatabseFrameWork.CreateProject" time="3.164" errors="0" timestamp="2023-09-20T14:38:36 IST" skipped="0">
  <testcase classname="DatabseFrameWork.CreateProject" name="createProject" time="3.164"/>
</testsuite> <!-- DatabseFrameWork.CreateProject -->
