<?xml version="1.0" encoding="UTF-8"?>
<!-- Generated by org.testng.reporters.JUnitReportReporter -->
<testsuite hostname="DESKTOP-AV67S5S" failures="0" tests="1" name="SerilizationDeserialization.CreateProject" time="4.173" errors="0" timestamp="2023-09-20T11:01:43 IST" skipped="0">
  <testcase classname="SerilizationDeserialization.CreateProject" name="createPj" time="4.173"/>
  <system-out/>
</testsuite> <!-- SerilizationDeserialization.CreateProject -->
