<?xml version="1.0" encoding="UTF-8"?>
<!-- Generated by org.testng.reporters.JUnitReportReporter -->
<testsuite hostname="DESKTOP-AV67S5S" failures="0" tests="1" name="DatabseFrameWork.DataMasking" time="3.681" errors="0" timestamp="2023-09-20T15:51:56 IST" skipped="0">
  <testcase classname="DatabseFrameWork.DataMasking" name="dataMasking" time="3.681"/>
</testsuite> <!-- DatabseFrameWork.DataMasking -->
