<?xml version="1.0" encoding="UTF-8"?>
<!-- Generated by org.testng.reporters.JUnitReportReporter -->
<testsuite hostname="DESKTOP-AV67S5S" failures="0" tests="1" name="crudWithoudBDD.GetProject" time="2.515" errors="0" timestamp="2023-09-13T12:11:36 IST" skipped="0">
  <testcase classname="crudWithoudBDD.GetProject" name="getProj" time="2.515"/>
  <system-out/>
</testsuite> <!-- crudWithoudBDD.GetProject -->
