<?xml version="1.0" encoding="UTF-8"?>
<!-- Generated by org.testng.reporters.JUnitReportReporter -->
<testsuite hostname="DESKTOP-AV67S5S" failures="0" tests="1" name="crudWithoudBDD.GetAllProject" time="42.116" errors="0" timestamp="2023-09-14T12:38:50 IST" skipped="0">
  <testcase classname="crudWithoudBDD.GetAllProject" name="getAllProj" time="42.116"/>
  <system-out/>
</testsuite> <!-- crudWithoudBDD.GetAllProject -->
