<?xml version="1.0" encoding="UTF-8"?>
<!-- Generated by org.testng.reporters.JUnitReportReporter -->
<testsuite hostname="DESKTOP-AV67S5S" failures="0" tests="1" name="crudWithJsonFile.CreateProject" time="2.851" errors="0" timestamp="2023-09-14T11:02:24 IST" skipped="0">
  <testcase classname="crudWithJsonFile.CreateProject" name="createProj" time="2.851"/>
  <system-out/>
</testsuite> <!-- crudWithJsonFile.CreateProject -->
