<?xml version="1.0" encoding="UTF-8"?>
<!-- Generated by org.testng.reporters.JUnitReportReporter -->
<testsuite hostname="DESKTOP-AV67S5S" failures="0" tests="1" name="crudWithBDD.GetProject" time="4.145" errors="0" timestamp="2023-09-13T15:42:23 IST" skipped="0">
  <testcase classname="crudWithBDD.GetProject" name="getProject" time="4.145"/>
  <system-out/>
</testsuite> <!-- crudWithBDD.GetProject -->
