<?xml version="1.0" encoding="UTF-8"?>
<!-- Generated by org.testng.reporters.JUnitReportReporter -->
<testsuite hostname="DESKTOP-AV67S5S" failures="0" tests="1" name="crudReqrewithBDD.PatternProgram" time="0.024" errors="0" timestamp="2023-10-12T15:03:05 IST" skipped="0">
  <testcase classname="crudReqrewithBDD.PatternProgram" name="pattern" time="0.024"/>
</testsuite> <!-- crudReqrewithBDD.PatternProgram -->
