<?xml version="1.0" encoding="UTF-8"?>
<!-- Generated by org.testng.reporters.JUnitReportReporter -->
<testsuite hostname="DESKTOP-AV67S5S" failures="0" tests="1" name="RequresAllOperation.PojoClassReqress" time="3.874" errors="0" timestamp="2023-09-14T16:28:27 IST" skipped="0">
  <testcase classname="RequresAllOperation.PojoClassReqress" name="classReqress" time="3.874"/>
  <system-out/>
</testsuite> <!-- RequresAllOperation.PojoClassReqress -->
