<?xml version="1.0" encoding="UTF-8"?>
<!-- Generated by org.testng.reporters.JUnitReportReporter -->
<testsuite hostname="DESKTOP-AV67S5S" failures="0" tests="1" name="crudwithReqBDD.DeleteProject" time="4.495" errors="0" timestamp="2023-09-13T16:07:15 IST" skipped="0">
  <testcase classname="crudwithReqBDD.DeleteProject" name="deleteProject" time="4.495"/>
  <system-out/>
</testsuite> <!-- crudwithReqBDD.DeleteProject -->
