<?xml version="1.0" encoding="UTF-8"?>
<!-- Generated by org.testng.reporters.JUnitReportReporter -->
<testsuite hostname="DESKTOP-AV67S5S" failures="0" tests="1" name="SerilizationDeserialization.DeserializationTest" time="0.465" errors="0" timestamp="2023-09-21T08:51:42 IST" skipped="0">
  <testcase classname="SerilizationDeserialization.DeserializationTest" name="deserializationTest" time="0.465"/>
</testsuite> <!-- SerilizationDeserialization.DeserializationTest -->
