<?xml version="1.0" encoding="UTF-8"?>
<!-- Generated by org.testng.reporters.JUnitReportReporter -->
<testsuite hostname="DESKTOP-AV67S5S" failures="0" tests="1" name="SerilizationDeserialization.SerializationTest" time="0.352" errors="0" timestamp="2023-09-20T10:36:15 IST" skipped="0">
  <testcase classname="SerilizationDeserialization.SerializationTest" name="serialization" time="0.352"/>
  <system-out/>
</testsuite> <!-- SerilizationDeserialization.SerializationTest -->
