<?xml version="1.0" encoding="UTF-8"?>
<!-- Generated by org.testng.reporters.JUnitReportReporter -->
<testsuite hostname="DESKTOP-AV67S5S" failures="0" tests="1" name="crudWithBDD.UpdateProject" time="5.909" errors="0" timestamp="2023-09-13T15:34:01 IST" skipped="0">
  <testcase classname="crudWithBDD.UpdateProject" name="updateProject" time="5.909"/>
  <system-out/>
</testsuite> <!-- crudWithBDD.UpdateProject -->
