<?xml version="1.0" encoding="UTF-8"?>
<!-- Generated by org.testng.reporters.JUnitReportReporter -->
<testsuite hostname="DESKTOP-AV67S5S" failures="0" tests="1" name="crudWithPojo.DynamicResponceValidation" time="19.520" errors="0" timestamp="2023-09-14T13:07:07 IST" skipped="0">
  <testcase classname="crudWithPojo.DynamicResponceValidation" name="staticResponce" time="19.520"/>
  <system-out/>
</testsuite> <!-- crudWithPojo.DynamicResponceValidation -->
