<?xml version="1.0" encoding="UTF-8"?>
<!-- Generated by org.testng.reporters.JUnitReportReporter -->
<testsuite hostname="DESKTOP-AV67S5S" failures="0" tests="1" name="crudwithReqBDD.UpdateProject" time="7.459" errors="0" timestamp="2023-09-13T16:06:46 IST" skipped="0">
  <testcase classname="crudwithReqBDD.UpdateProject" name="updateProject" time="7.459"/>
  <system-out/>
</testsuite> <!-- crudwithReqBDD.UpdateProject -->
