<?xml version="1.0" encoding="UTF-8"?>
<!-- Generated by org.testng.reporters.JUnitReportReporter -->
<testsuite hostname="DESKTOP-AV67S5S" failures="0" tests="1" name="RequresAllOperation.BasicauthDigestive" time="2.689" errors="0" timestamp="2023-09-15T12:21:20 IST" skipped="0">
  <testcase classname="RequresAllOperation.BasicauthDigestive" name="digestiveauth" time="2.689"/>
  <system-out/>
</testsuite> <!-- RequresAllOperation.BasicauthDigestive -->
