<?xml version="1.0" encoding="UTF-8"?>
<!-- Generated by org.testng.reporters.JUnitReportReporter -->
<testsuite hostname="DESKTOP-AV67S5S" failures="0" tests="1" name="PathParam.PathParameterClass" time="3.006" errors="0" timestamp="2023-09-14T15:34:46 IST" skipped="0">
  <testcase classname="PathParam.PathParameterClass" name="pathparam" time="3.006"/>
  <system-out/>
</testsuite> <!-- PathParam.PathParameterClass -->
