<?xml version="1.0" encoding="UTF-8"?>
<!-- Generated by org.testng.reporters.JUnitReportReporter -->
<testsuite hostname="DESKTOP-AV67S5S" failures="0" tests="1" name="RequresAllOperation.BasicAuth" time="2.661" errors="0" timestamp="2023-09-15T12:20:06 IST" skipped="0">
  <testcase classname="RequresAllOperation.BasicAuth" name="basicAuth" time="2.661"/>
  <system-out/>
</testsuite> <!-- RequresAllOperation.BasicAuth -->
