<?xml version="1.0" encoding="UTF-8"?>
<!-- Generated by org.testng.reporters.JUnitReportReporter -->
<testsuite hostname="DESKTOP-AV67S5S" failures="0" tests="1" name="crudWithBDD.DeleteProject" time="3.544" errors="0" timestamp="2023-09-13T15:47:43 IST" skipped="0">
  <testcase classname="crudWithBDD.DeleteProject" name="deleteProject" time="3.544"/>
  <system-out/>
</testsuite> <!-- crudWithBDD.DeleteProject -->
