<?xml version="1.0" encoding="UTF-8"?>
<!-- Generated by org.testng.reporters.JUnitReportReporter -->
<testsuite hostname="DESKTOP-AV67S5S" failures="0" tests="1" name="crudWithReqres.GetProject" time="4.042" errors="0" timestamp="2023-09-13T13:01:22 IST" skipped="0">
  <testcase classname="crudWithReqres.GetProject" name="getProject" time="4.042"/>
  <system-out/>
</testsuite> <!-- crudWithReqres.GetProject -->
