<?xml version="1.0" encoding="UTF-8"?>
<!-- Generated by org.testng.reporters.JUnitReportReporter -->
<testsuite hostname="DESKTOP-AV67S5S" failures="0" tests="1" name="crudWithReqres.GetAllProject" time="3.607" errors="0" timestamp="2023-09-13T13:02:47 IST" skipped="0">
  <testcase classname="crudWithReqres.GetAllProject" name="getProject" time="3.607"/>
  <system-out/>
</testsuite> <!-- crudWithReqres.GetAllProject -->
