<?xml version="1.0" encoding="UTF-8"?>
<!-- Generated by org.testng.reporters.JUnitReportReporter -->
<testsuite hostname="DESKTOP-AV67S5S" failures="0" tests="1" name="crudWithReqres.UpdateProject" time="3.931" errors="0" timestamp="2023-09-13T13:07:58 IST" skipped="0">
  <testcase classname="crudWithReqres.UpdateProject" name="updateProject" time="3.931"/>
  <system-out/>
</testsuite> <!-- crudWithReqres.UpdateProject -->
