<?xml version="1.0" encoding="UTF-8"?>
<!-- Generated by org.testng.reporters.JUnitReportReporter -->
<testsuite hostname="DESKTOP-AV67S5S" failures="0" tests="1" name="crudReqresWithoutBDD.UpdateProject" time="4.112" errors="0" timestamp="2023-09-24T22:55:26 IST" skipped="0">
  <testcase classname="crudReqresWithoutBDD.UpdateProject" name="updateProject" time="4.112"/>
</testsuite> <!-- crudReqresWithoutBDD.UpdateProject -->
