<?xml version="1.0" encoding="UTF-8"?>
<!-- Generated by org.testng.reporters.JUnitReportReporter -->
<testsuite hostname="DESKTOP-AV67S5S" failures="0" tests="1" name="DatabseFrameWork.ThreeLayerAGD" time="13.448" errors="0" timestamp="2023-09-22T09:01:41 IST" skipped="0">
  <testcase classname="DatabseFrameWork.ThreeLayerAGD" name="createProj" time="13.448"/>
</testsuite> <!-- DatabseFrameWork.ThreeLayerAGD -->
