<?xml version="1.0" encoding="UTF-8"?>
<!-- Generated by org.testng.reporters.JUnitReportReporter -->
<testsuite hostname="DESKTOP-AV67S5S" failures="0" tests="1" name="crudWithBDD.CreateProject" time="4.338" errors="0" timestamp="2023-09-13T15:30:38 IST" skipped="0">
  <testcase classname="crudWithBDD.CreateProject" name="createProj" time="4.338"/>
  <system-out/>
</testsuite> <!-- crudWithBDD.CreateProject -->
