<?xml version="1.0" encoding="UTF-8"?>
<!-- Generated by org.testng.reporters.JUnitReportReporter -->
<testsuite hostname="DESKTOP-AV67S5S" failures="0" tests="1" name="DatabseFrameWork.ThreLayerUpdate" time="18.816" errors="0" timestamp="2023-09-22T10:39:03 IST" skipped="0">
  <testcase classname="DatabseFrameWork.ThreLayerUpdate" name="createProject" time="18.816"/>
</testsuite> <!-- DatabseFrameWork.ThreLayerUpdate -->
