<?xml version="1.0" encoding="UTF-8"?>
<!-- Generated by org.testng.reporters.JUnitReportReporter -->
<testsuite hostname="DESKTOP-AV67S5S" failures="0" tests="1" name="crudWithPojo.RequestChanining" time="102.956" errors="0" timestamp="2023-09-14T14:59:57 IST" skipped="0">
  <testcase classname="crudWithPojo.RequestChanining" name="createProj" time="102.956"/>
  <system-out/>
</testsuite> <!-- crudWithPojo.RequestChanining -->
