<?xml version="1.0" encoding="UTF-8"?>
<!-- Generated by org.testng.reporters.JUnitReportReporter -->
<testsuite hostname="DESKTOP-AV67S5S" failures="0" tests="1" name="crudReqrewithBDD.RequestChaining" time="5.997" errors="0" timestamp="2023-09-24T23:42:25 IST" skipped="0">
  <testcase classname="crudReqrewithBDD.RequestChaining" name="requestChaining" time="5.997"/>
</testsuite> <!-- crudReqrewithBDD.RequestChaining -->
