<?xml version="1.0" encoding="UTF-8"?>
<!-- Generated by org.testng.reporters.JUnitReportReporter -->
<testsuite hostname="DESKTOP-AV67S5S" failures="0" tests="1" name="DatabseFrameWork.ThreeLayerGAD" time="18.663" errors="0" timestamp="2023-09-22T09:13:37 IST" skipped="0">
  <testcase classname="DatabseFrameWork.ThreeLayerGAD" name="createProject" time="18.663"/>
</testsuite> <!-- DatabseFrameWork.ThreeLayerGAD -->
