<?xml version="1.0" encoding="UTF-8"?>
<!-- Generated by org.testng.reporters.JUnitReportReporter -->
<testsuite hostname="DESKTOP-AV67S5S" failures="0" tests="1" name="crudWithReqres.DeleteProject" time="4.328" errors="0" timestamp="2023-09-13T13:26:24 IST" skipped="0">
  <testcase classname="crudWithReqres.DeleteProject" name="deleteProj" time="4.328"/>
  <system-out/>
</testsuite> <!-- crudWithReqres.DeleteProject -->
