<?xml version="1.0" encoding="UTF-8"?>
<!-- Generated by org.testng.reporters.JUnitReportReporter -->
<testsuite hostname="DESKTOP-AV67S5S" failures="0" tests="1" name="crudWithBDD.GetAllProject" time="9.430" errors="0" timestamp="2023-09-21T09:00:51 IST" skipped="0">
  <testcase classname="crudWithBDD.GetAllProject" name="getAllProject" time="9.430"/>
</testsuite> <!-- crudWithBDD.GetAllProject -->
