<?xml version="1.0" encoding="UTF-8"?>
<!-- Generated by org.testng.reporters.JUnitReportReporter -->
<testsuite hostname="DESKTOP-AV67S5S" failures="0" tests="1" name="crudwithReqBDD.CreateProject" time="5.127" errors="0" timestamp="2023-09-13T16:03:18 IST" skipped="0">
  <testcase classname="crudwithReqBDD.CreateProject" name="createProj" time="5.127"/>
  <system-out/>
</testsuite> <!-- crudwithReqBDD.CreateProject -->
