<?xml version="1.0" encoding="UTF-8"?>
<!-- Generated by org.testng.reporters.JUnitReportReporter -->
<testsuite hostname="DESKTOP-AV67S5S" failures="0" tests="1" name="crudWithoudBDD.DeleteProject" time="2.431" errors="0" timestamp="2023-09-13T11:36:56 IST" skipped="0">
  <testcase classname="crudWithoudBDD.DeleteProject" name="deleteProj" time="2.431"/>
  <system-out/>
</testsuite> <!-- crudWithoudBDD.DeleteProject -->
